<?xml version="1.0" encoding="UTF-8"?>
<!-- Generated by org.testng.reporters.JUnitXMLReporter -->
<testsuite ignored="0" hostname="LAPTOP-U38Q909H" failures="1" tests="15" name="AmazonProject1" time="486.797" errors="0" timestamp="2024-12-27T12:42:07 IST">
  <testcase classname="amazon_Package.AmazonProject_Maven.TestCase1" name="registration" time="9.946"/>
  <testcase classname="amazon_Package.AmazonProject_Maven.TestCase2" name="login" time="10.721">
    <failure type="org.openqa.selenium.ElementNotInteractableException" message="element not interactable
  (Session info: chrome=131.0.6778.205)
Build info: version: &amp;apos;4.26.0&amp;apos;, revision: &amp;apos;8ccf0219d7&amp;apos;
System info: os.name: &amp;apos;Windows 11&amp;apos;, os.arch: &amp;apos;amd64&amp;apos;, os.version: &amp;apos;10.0&amp;apos;, java.version: &amp;apos;21.0.5&amp;apos;
Driver info: org.openqa.selenium.chrome.ChromeDriver
Command: [a759f6b464d67b23b6075fddd7954ba2, clickElement {id=f.DACC2F706EEDA1D2BE65C5C57502CFC6.d.79F98F90BC1C21C43B5E5EF59DD17A6F.e.109}]
Capabilities {acceptInsecureCerts: false, browserName: chrome, browserVersion: 131.0.6778.205, chrome: {chromedriverVersion: 131.0.6778.204 (52183f9e99a..., userDataDir: C:\Users\vaish\AppData\Loca...}, fedcm:accounts: true, goog:chromeOptions: {debuggerAddress: localhost:64235}, networkConnectionEnabled: false, pageLoadStrategy: normal, platformName: windows, proxy: Proxy(), se:cdp: ws://localhost:64235/devtoo..., se:cdpVersion: 131.0.6778.205, setWindowRect: true, strictFileInteractability: false, timeouts: {implicit: 0, pageLoad: 300000, script: 30000}, unhandledPromptBehavior: dismiss and notify, webauthn:extension:credBlob: true, webauthn:extension:largeBlob: true, webauthn:extension:minPinLength: true, webauthn:extension:prf: true, webauthn:virtualAuthenticators: true}
Element: [[ChromeDriver: chrome on windows (a759f6b464d67b23b6075fddd7954ba2)] -&amp;gt; xpath: (//span[@class=&amp;apos;nav-action-inner&amp;apos;])[1]]
Session ID: a759f6b464d67b23b6075fddd7954ba2">
      <![CDATA[org.openqa.selenium.ElementNotInteractableException: element not interactable
  (Session info: chrome=131.0.6778.205)
Build info: version: '4.26.0', revision: '8ccf0219d7'
System info: os.name: 'Windows 11', os.arch: 'amd64', os.version: '10.0', java.version: '21.0.5'
Driver info: org.openqa.selenium.chrome.ChromeDriver
Command: [a759f6b464d67b23b6075fddd7954ba2, clickElement {id=f.DACC2F706EEDA1D2BE65C5C57502CFC6.d.79F98F90BC1C21C43B5E5EF59DD17A6F.e.109}]
Capabilities {acceptInsecureCerts: false, browserName: chrome, browserVersion: 131.0.6778.205, chrome: {chromedriverVersion: 131.0.6778.204 (52183f9e99a..., userDataDir: C:\Users\vaish\AppData\Loca...}, fedcm:accounts: true, goog:chromeOptions: {debuggerAddress: localhost:64235}, networkConnectionEnabled: false, pageLoadStrategy: normal, platformName: windows, proxy: Proxy(), se:cdp: ws://localhost:64235/devtoo..., se:cdpVersion: 131.0.6778.205, setWindowRect: true, strictFileInteractability: false, timeouts: {implicit: 0, pageLoad: 300000, script: 30000}, unhandledPromptBehavior: dismiss and notify, webauthn:extension:credBlob: true, webauthn:extension:largeBlob: true, webauthn:extension:minPinLength: true, webauthn:extension:prf: true, webauthn:virtualAuthenticators: true}
Element: [[ChromeDriver: chrome on windows (a759f6b464d67b23b6075fddd7954ba2)] -> xpath: (//span[@class='nav-action-inner'])[1]]
Session ID: a759f6b464d67b23b6075fddd7954ba2
at org.openqa.selenium.remote.ErrorCodec.decode(ErrorCodec.java:167)
at org.openqa.selenium.remote.codec.w3c.W3CHttpResponseCodec.decode(W3CHttpResponseCodec.java:138)
at org.openqa.selenium.remote.codec.w3c.W3CHttpResponseCodec.decode(W3CHttpResponseCodec.java:50)
at org.openqa.selenium.remote.HttpCommandExecutor.execute(HttpCommandExecutor.java:190)
at org.openqa.selenium.remote.service.DriverCommandExecutor.invokeExecute(DriverCommandExecutor.java:216)
at org.openqa.selenium.remote.service.DriverCommandExecutor.execute(DriverCommandExecutor.java:174)
at org.openqa.selenium.remote.RemoteWebDriver.execute(RemoteWebDriver.java:545)
at org.openqa.selenium.remote.RemoteWebElement.execute(RemoteWebElement.java:223)
at org.openqa.selenium.remote.RemoteWebElement.click(RemoteWebElement.java:76)
at org.openqa.selenium.support.pagefactory.internal.LocatingElementHandler.invoke(LocatingElementHandler.java:51)
at jdk.proxy2/jdk.proxy2.$Proxy10.click(Unknown Source)
at amazon_Package.AmazonProject_Maven.HomePageTC2.ctnMethod(HomePageTC2.java:18)
at amazon_Package.AmazonProject_Maven.TestCase2.login(TestCase2.java:15)
at java.base/java.util.ArrayList.forEach(ArrayList.java:1596)
... Removed 34 stack frames]]>
    </failure>
  </testcase> <!-- login -->
  <testcase classname="amazon_Package.AmazonProject_Maven.TestCase3" name="inorrectUN" time="4.467"/>
  <testcase classname="amazon_Package.AmazonProject_Maven.TestCase4" name="editprofile" time="14.479"/>
  <testcase classname="amazon_Package.AmazonProject_Maven.TestCase5" name="searchProduct" time="8.658"/>
  <testcase classname="amazon_Package.AmazonProject_Maven.TestCase6" name="searchresult_with_Filters" time="13.936"/>
  <testcase classname="amazon_Package.AmazonProject_Maven.TestCase7" name="product_Dispaly_page" time="8.821"/>
  <testcase classname="amazon_Package.AmazonProject_Maven.TestCase8" name="productpage" time="26.254"/>
  <testcase classname="amazon_Package.AmazonProject_Maven.TestCase9" name="productpage" time="31.647"/>
  <testcase classname="amazon_Package.AmazonProject_Maven.TestCase10" name="productpage" time="36.114"/>
  <testcase classname="amazon_Package.AmazonProject_Maven.TestCase11" name="productpage" time="60.794">
    <skipped/>
  </testcase> <!-- productpage -->
  <testcase classname="amazon_Package.AmazonProject_Maven.TestCase11" name="productpage" time="60.592"/>
  <testcase classname="amazon_Package.AmazonProject_Maven.TestCase12" name="productpage" time="54.205"/>
  <testcase classname="amazon_Package.AmazonProject_Maven.TestCase13" name="productpage" time="55.948"/>
  <testcase classname="amazon_Package.AmazonProject_Maven.TestCase15" name="productpage" time="27.132"/>
</testsuite> <!-- AmazonProject1 -->
