<?xml version="1.0" encoding="UTF-8"?>
<testng-results retried="1" ignored="0" total="15" passed="13" failed="1" skipped="0">
  <reporter-output>
    <line>
      <![CDATA[Test case is pass]]>
    </line>
    <line>
      <![CDATA[Test is fail]]>
    </line>
    <line>
      <![CDATA[Test case is pass]]>
    </line>
    <line>
      <![CDATA[Test case is pass]]>
    </line>
    <line>
      <![CDATA[Test case is pass]]>
    </line>
    <line>
      <![CDATA[Test case is pass]]>
    </line>
    <line>
      <![CDATA[Test case is pass]]>
    </line>
    <line>
      <![CDATA[Test case is pass]]>
    </line>
    <line>
      <![CDATA[Test case is pass]]>
    </line>
    <line>
      <![CDATA[Test case is pass]]>
    </line>
    <line>
      <![CDATA[Test case is pass]]>
    </line>
    <line>
      <![CDATA[Test case is pass]]>
    </line>
    <line>
      <![CDATA[Test case is pass]]>
    </line>
    <line>
      <![CDATA[Test case is pass]]>
    </line>
  </reporter-output>
  <suite started-at="2024-12-27T12:34:00 IST" name="Suite" finished-at="2024-12-27T12:42:07 IST" duration-ms="486797">
    <groups>
    </groups>
    <test started-at="2024-12-27T12:34:00 IST" name="AmazonProject1" finished-at="2024-12-27T12:42:07 IST" duration-ms="486797">
      <class name="amazon_Package.AmazonProject_Maven.TestCase3">
        <test-method is-config="true" signature="launchBrowser()[pri:0, instance:amazon_Package.AmazonProject_Maven.TestCase3@323b36e0]" started-at="2024-12-27T12:34:28 IST" name="launchBrowser" finished-at="2024-12-27T12:34:37 IST" duration-ms="8449" status="PASS">
          <reporter-output>
          </reporter-output>
        </test-method> <!-- launchBrowser -->
        <test-method signature="inorrectUN()[pri:0, instance:amazon_Package.AmazonProject_Maven.TestCase3@323b36e0]" started-at="2024-12-27T12:34:37 IST" name="inorrectUN" finished-at="2024-12-27T12:34:41 IST" duration-ms="4467" status="PASS">
          <reporter-output>
            <line>
              <![CDATA[Test case is pass]]>
            </line>
          </reporter-output>
        </test-method> <!-- inorrectUN -->
        <test-method is-config="true" signature="quitbrowser()[pri:0, instance:amazon_Package.AmazonProject_Maven.TestCase3@323b36e0]" started-at="2024-12-27T12:34:41 IST" name="quitbrowser" finished-at="2024-12-27T12:34:41 IST" duration-ms="0" status="PASS">
          <reporter-output>
          </reporter-output>
        </test-method> <!-- quitbrowser -->
      </class> <!-- amazon_Package.AmazonProject_Maven.TestCase3 -->
      <class name="amazon_Package.AmazonProject_Maven.TestCase2">
        <test-method is-config="true" signature="launchBrowser()[pri:0, instance:amazon_Package.AmazonProject_Maven.TestCase2@7193666c]" started-at="2024-12-27T12:34:11 IST" name="launchBrowser" finished-at="2024-12-27T12:34:17 IST" duration-ms="5620" status="PASS">
          <reporter-output>
          </reporter-output>
        </test-method> <!-- launchBrowser -->
        <test-method signature="login()[pri:0, instance:amazon_Package.AmazonProject_Maven.TestCase2@7193666c]" started-at="2024-12-27T12:34:17 IST" name="login" finished-at="2024-12-27T12:34:28 IST" duration-ms="10721" status="FAIL">
          <exception class="org.openqa.selenium.ElementNotInteractableException">
            <message>
              <![CDATA[element not interactable
  (Session info: chrome=131.0.6778.205)
Build info: version: '4.26.0', revision: '8ccf0219d7'
System info: os.name: 'Windows 11', os.arch: 'amd64', os.version: '10.0', java.version: '21.0.5'
Driver info: org.openqa.selenium.chrome.ChromeDriver
Command: [a759f6b464d67b23b6075fddd7954ba2, clickElement {id=f.DACC2F706EEDA1D2BE65C5C57502CFC6.d.79F98F90BC1C21C43B5E5EF59DD17A6F.e.109}]
Capabilities {acceptInsecureCerts: false, browserName: chrome, browserVersion: 131.0.6778.205, chrome: {chromedriverVersion: 131.0.6778.204 (52183f9e99a..., userDataDir: C:\Users\vaish\AppData\Loca...}, fedcm:accounts: true, goog:chromeOptions: {debuggerAddress: localhost:64235}, networkConnectionEnabled: false, pageLoadStrategy: normal, platformName: windows, proxy: Proxy(), se:cdp: ws://localhost:64235/devtoo..., se:cdpVersion: 131.0.6778.205, setWindowRect: true, strictFileInteractability: false, timeouts: {implicit: 0, pageLoad: 300000, script: 30000}, unhandledPromptBehavior: dismiss and notify, webauthn:extension:credBlob: true, webauthn:extension:largeBlob: true, webauthn:extension:minPinLength: true, webauthn:extension:prf: true, webauthn:virtualAuthenticators: true}
Element: [[ChromeDriver: chrome on windows (a759f6b464d67b23b6075fddd7954ba2)] -> xpath: (//span[@class='nav-action-inner'])[1]]
Session ID: a759f6b464d67b23b6075fddd7954ba2]]>
            </message>
            <full-stacktrace>
              <![CDATA[org.openqa.selenium.ElementNotInteractableException: element not interactable
  (Session info: chrome=131.0.6778.205)
Build info: version: '4.26.0', revision: '8ccf0219d7'
System info: os.name: 'Windows 11', os.arch: 'amd64', os.version: '10.0', java.version: '21.0.5'
Driver info: org.openqa.selenium.chrome.ChromeDriver
Command: [a759f6b464d67b23b6075fddd7954ba2, clickElement {id=f.DACC2F706EEDA1D2BE65C5C57502CFC6.d.79F98F90BC1C21C43B5E5EF59DD17A6F.e.109}]
Capabilities {acceptInsecureCerts: false, browserName: chrome, browserVersion: 131.0.6778.205, chrome: {chromedriverVersion: 131.0.6778.204 (52183f9e99a..., userDataDir: C:\Users\vaish\AppData\Loca...}, fedcm:accounts: true, goog:chromeOptions: {debuggerAddress: localhost:64235}, networkConnectionEnabled: false, pageLoadStrategy: normal, platformName: windows, proxy: Proxy(), se:cdp: ws://localhost:64235/devtoo..., se:cdpVersion: 131.0.6778.205, setWindowRect: true, strictFileInteractability: false, timeouts: {implicit: 0, pageLoad: 300000, script: 30000}, unhandledPromptBehavior: dismiss and notify, webauthn:extension:credBlob: true, webauthn:extension:largeBlob: true, webauthn:extension:minPinLength: true, webauthn:extension:prf: true, webauthn:virtualAuthenticators: true}
Element: [[ChromeDriver: chrome on windows (a759f6b464d67b23b6075fddd7954ba2)] -> xpath: (//span[@class='nav-action-inner'])[1]]
Session ID: a759f6b464d67b23b6075fddd7954ba2
at java.base/jdk.internal.reflect.DirectConstructorHandleAccessor.newInstance(DirectConstructorHandleAccessor.java:62)
at java.base/java.lang.reflect.Constructor.newInstanceWithCaller(Constructor.java:502)
at java.base/java.lang.reflect.Constructor.newInstance(Constructor.java:486)
at org.openqa.selenium.remote.ErrorCodec.decode(ErrorCodec.java:167)
at org.openqa.selenium.remote.codec.w3c.W3CHttpResponseCodec.decode(W3CHttpResponseCodec.java:138)
at org.openqa.selenium.remote.codec.w3c.W3CHttpResponseCodec.decode(W3CHttpResponseCodec.java:50)
at org.openqa.selenium.remote.HttpCommandExecutor.execute(HttpCommandExecutor.java:190)
at org.openqa.selenium.remote.service.DriverCommandExecutor.invokeExecute(DriverCommandExecutor.java:216)
at org.openqa.selenium.remote.service.DriverCommandExecutor.execute(DriverCommandExecutor.java:174)
at org.openqa.selenium.remote.RemoteWebDriver.execute(RemoteWebDriver.java:545)
at org.openqa.selenium.remote.RemoteWebElement.execute(RemoteWebElement.java:223)
at org.openqa.selenium.remote.RemoteWebElement.click(RemoteWebElement.java:76)
at java.base/jdk.internal.reflect.DirectMethodHandleAccessor.invoke(DirectMethodHandleAccessor.java:103)
at java.base/java.lang.reflect.Method.invoke(Method.java:580)
at org.openqa.selenium.support.pagefactory.internal.LocatingElementHandler.invoke(LocatingElementHandler.java:51)
at jdk.proxy2/jdk.proxy2.$Proxy10.click(Unknown Source)
at amazon_Package.AmazonProject_Maven.HomePageTC2.ctnMethod(HomePageTC2.java:18)
at amazon_Package.AmazonProject_Maven.TestCase2.login(TestCase2.java:15)
at java.base/jdk.internal.reflect.DirectMethodHandleAccessor.invoke(DirectMethodHandleAccessor.java:103)
at java.base/java.lang.reflect.Method.invoke(Method.java:580)
at org.testng.internal.invokers.MethodInvocationHelper.invokeMethod(MethodInvocationHelper.java:139)
at org.testng.internal.invokers.TestInvoker.invokeMethod(TestInvoker.java:677)
at org.testng.internal.invokers.TestInvoker.invokeTestMethod(TestInvoker.java:221)
at org.testng.internal.invokers.MethodRunner.runInSequence(MethodRunner.java:50)
at org.testng.internal.invokers.TestInvoker$MethodInvocationAgent.invoke(TestInvoker.java:969)
at org.testng.internal.invokers.TestInvoker.invokeTestMethods(TestInvoker.java:194)
at org.testng.internal.invokers.TestMethodWorker.invokeTestMethods(TestMethodWorker.java:148)
at org.testng.internal.invokers.TestMethodWorker.run(TestMethodWorker.java:128)
at java.base/java.util.ArrayList.forEach(ArrayList.java:1596)
at org.testng.TestRunner.privateRun(TestRunner.java:829)
at org.testng.TestRunner.run(TestRunner.java:602)
at org.testng.SuiteRunner.runTest(SuiteRunner.java:437)
at org.testng.SuiteRunner.runSequentially(SuiteRunner.java:431)
at org.testng.SuiteRunner.privateRun(SuiteRunner.java:391)
at org.testng.SuiteRunner.run(SuiteRunner.java:330)
at org.testng.SuiteRunnerWorker.runSuite(SuiteRunnerWorker.java:52)
at org.testng.SuiteRunnerWorker.run(SuiteRunnerWorker.java:95)
at org.testng.TestNG.runSuitesSequentially(TestNG.java:1256)
at org.testng.TestNG.runSuitesLocally(TestNG.java:1176)
at org.testng.TestNG.runSuites(TestNG.java:1099)
at org.testng.TestNG.run(TestNG.java:1067)
at org.apache.maven.surefire.testng.TestNGExecutor.run(TestNGExecutor.java:308)
at org.apache.maven.surefire.testng.TestNGXmlTestSuite.execute(TestNGXmlTestSuite.java:71)
at org.apache.maven.surefire.testng.TestNGProvider.invoke(TestNGProvider.java:113)
at org.apache.maven.surefire.booter.ForkedBooter.runSuitesInProcess(ForkedBooter.java:385)
at org.apache.maven.surefire.booter.ForkedBooter.execute(ForkedBooter.java:162)
at org.apache.maven.surefire.booter.ForkedBooter.run(ForkedBooter.java:507)
at org.apache.maven.surefire.booter.ForkedBooter.main(ForkedBooter.java:495)
]]>
            </full-stacktrace>
          </exception> <!-- org.openqa.selenium.ElementNotInteractableException -->
          <reporter-output>
            <line>
              <![CDATA[Test is fail]]>
            </line>
          </reporter-output>
        </test-method> <!-- login -->
        <test-method is-config="true" signature="quitbrowser()[pri:0, instance:amazon_Package.AmazonProject_Maven.TestCase2@7193666c]" started-at="2024-12-27T12:34:28 IST" name="quitbrowser" finished-at="2024-12-27T12:34:28 IST" duration-ms="0" status="PASS">
          <reporter-output>
          </reporter-output>
        </test-method> <!-- quitbrowser -->
      </class> <!-- amazon_Package.AmazonProject_Maven.TestCase2 -->
      <class name="amazon_Package.AmazonProject_Maven.TestCase5">
        <test-method is-config="true" signature="launchBrowser()[pri:0, instance:amazon_Package.AmazonProject_Maven.TestCase5@694abbdc]" started-at="2024-12-27T12:35:02 IST" name="launchBrowser" finished-at="2024-12-27T12:35:09 IST" duration-ms="6349" status="PASS">
          <reporter-output>
          </reporter-output>
        </test-method> <!-- launchBrowser -->
        <test-method signature="searchProduct()[pri:0, instance:amazon_Package.AmazonProject_Maven.TestCase5@694abbdc]" started-at="2024-12-27T12:35:09 IST" name="searchProduct" finished-at="2024-12-27T12:35:17 IST" duration-ms="8658" status="PASS">
          <reporter-output>
            <line>
              <![CDATA[Test case is pass]]>
            </line>
          </reporter-output>
        </test-method> <!-- searchProduct -->
        <test-method is-config="true" signature="quitbrowser()[pri:0, instance:amazon_Package.AmazonProject_Maven.TestCase5@694abbdc]" started-at="2024-12-27T12:35:18 IST" name="quitbrowser" finished-at="2024-12-27T12:35:18 IST" duration-ms="8" status="PASS">
          <reporter-output>
          </reporter-output>
        </test-method> <!-- quitbrowser -->
      </class> <!-- amazon_Package.AmazonProject_Maven.TestCase5 -->
      <class name="amazon_Package.AmazonProject_Maven.TestCase4">
        <test-method is-config="true" signature="launchBrowser()[pri:0, instance:amazon_Package.AmazonProject_Maven.TestCase4@44ebcd03]" started-at="2024-12-27T12:34:41 IST" name="launchBrowser" finished-at="2024-12-27T12:34:48 IST" duration-ms="6504" status="PASS">
          <reporter-output>
          </reporter-output>
        </test-method> <!-- launchBrowser -->
        <test-method signature="editprofile()[pri:0, instance:amazon_Package.AmazonProject_Maven.TestCase4@44ebcd03]" started-at="2024-12-27T12:34:48 IST" name="editprofile" finished-at="2024-12-27T12:35:02 IST" duration-ms="14479" status="PASS">
          <reporter-output>
            <line>
              <![CDATA[Test case is pass]]>
            </line>
          </reporter-output>
        </test-method> <!-- editprofile -->
        <test-method is-config="true" signature="quitbrowser()[pri:0, instance:amazon_Package.AmazonProject_Maven.TestCase4@44ebcd03]" started-at="2024-12-27T12:35:02 IST" name="quitbrowser" finished-at="2024-12-27T12:35:02 IST" duration-ms="0" status="PASS">
          <reporter-output>
          </reporter-output>
        </test-method> <!-- quitbrowser -->
      </class> <!-- amazon_Package.AmazonProject_Maven.TestCase4 -->
      <class name="amazon_Package.AmazonProject_Maven.TestCase7">
        <test-method is-config="true" signature="launchBrowser()[pri:0, instance:amazon_Package.AmazonProject_Maven.TestCase7@4567f35d]" started-at="2024-12-27T12:35:38 IST" name="launchBrowser" finished-at="2024-12-27T12:35:45 IST" duration-ms="6651" status="PASS">
          <reporter-output>
          </reporter-output>
        </test-method> <!-- launchBrowser -->
        <test-method signature="product_Dispaly_page()[pri:0, instance:amazon_Package.AmazonProject_Maven.TestCase7@4567f35d]" started-at="2024-12-27T12:35:45 IST" name="product_Dispaly_page" finished-at="2024-12-27T12:35:53 IST" duration-ms="8821" status="PASS">
          <reporter-output>
            <line>
              <![CDATA[Test case is pass]]>
            </line>
          </reporter-output>
        </test-method> <!-- product_Dispaly_page -->
        <test-method is-config="true" signature="quitbrowser()[pri:0, instance:amazon_Package.AmazonProject_Maven.TestCase7@4567f35d]" started-at="2024-12-27T12:35:54 IST" name="quitbrowser" finished-at="2024-12-27T12:35:54 IST" duration-ms="0" status="PASS">
          <reporter-output>
          </reporter-output>
        </test-method> <!-- quitbrowser -->
      </class> <!-- amazon_Package.AmazonProject_Maven.TestCase7 -->
      <class name="amazon_Package.AmazonProject_Maven.TestCase6">
        <test-method is-config="true" signature="launchBrowser()[pri:0, instance:amazon_Package.AmazonProject_Maven.TestCase6@2e005c4b]" started-at="2024-12-27T12:35:18 IST" name="launchBrowser" finished-at="2024-12-27T12:35:24 IST" duration-ms="6163" status="PASS">
          <reporter-output>
          </reporter-output>
        </test-method> <!-- launchBrowser -->
        <test-method signature="searchresult_with_Filters()[pri:0, instance:amazon_Package.AmazonProject_Maven.TestCase6@2e005c4b]" started-at="2024-12-27T12:35:24 IST" name="searchresult_with_Filters" finished-at="2024-12-27T12:35:38 IST" duration-ms="13936" status="PASS">
          <reporter-output>
            <line>
              <![CDATA[Test case is pass]]>
            </line>
          </reporter-output>
        </test-method> <!-- searchresult_with_Filters -->
        <test-method is-config="true" signature="quitbrowser()[pri:0, instance:amazon_Package.AmazonProject_Maven.TestCase6@2e005c4b]" started-at="2024-12-27T12:35:38 IST" name="quitbrowser" finished-at="2024-12-27T12:35:38 IST" duration-ms="8" status="PASS">
          <reporter-output>
          </reporter-output>
        </test-method> <!-- quitbrowser -->
      </class> <!-- amazon_Package.AmazonProject_Maven.TestCase6 -->
      <class name="amazon_Package.AmazonProject_Maven.TestCase9">
        <test-method is-config="true" signature="launchBrowser()[pri:0, instance:amazon_Package.AmazonProject_Maven.TestCase9@6356695f]" started-at="2024-12-27T12:36:27 IST" name="launchBrowser" finished-at="2024-12-27T12:36:33 IST" duration-ms="5919" status="PASS">
          <reporter-output>
          </reporter-output>
        </test-method> <!-- launchBrowser -->
        <test-method signature="productpage()[pri:0, instance:amazon_Package.AmazonProject_Maven.TestCase9@6356695f]" started-at="2024-12-27T12:36:33 IST" name="productpage" finished-at="2024-12-27T12:37:04 IST" duration-ms="31647" status="PASS">
          <reporter-output>
            <line>
              <![CDATA[Test case is pass]]>
            </line>
          </reporter-output>
        </test-method> <!-- productpage -->
        <test-method is-config="true" signature="quitbrowser()[pri:0, instance:amazon_Package.AmazonProject_Maven.TestCase9@6356695f]" started-at="2024-12-27T12:37:04 IST" name="quitbrowser" finished-at="2024-12-27T12:37:04 IST" duration-ms="2" status="PASS">
          <reporter-output>
          </reporter-output>
        </test-method> <!-- quitbrowser -->
      </class> <!-- amazon_Package.AmazonProject_Maven.TestCase9 -->
      <class name="amazon_Package.AmazonProject_Maven.TestCase8">
        <test-method is-config="true" signature="launchBrowser()[pri:0, instance:amazon_Package.AmazonProject_Maven.TestCase8@5ffead27]" started-at="2024-12-27T12:35:54 IST" name="launchBrowser" finished-at="2024-12-27T12:36:00 IST" duration-ms="6547" status="PASS">
          <reporter-output>
          </reporter-output>
        </test-method> <!-- launchBrowser -->
        <test-method signature="productpage()[pri:0, instance:amazon_Package.AmazonProject_Maven.TestCase8@5ffead27]" started-at="2024-12-27T12:36:00 IST" name="productpage" finished-at="2024-12-27T12:36:26 IST" duration-ms="26254" status="PASS">
          <reporter-output>
            <line>
              <![CDATA[Test case is pass]]>
            </line>
          </reporter-output>
        </test-method> <!-- productpage -->
        <test-method is-config="true" signature="quitbrowser()[pri:0, instance:amazon_Package.AmazonProject_Maven.TestCase8@5ffead27]" started-at="2024-12-27T12:36:27 IST" name="quitbrowser" finished-at="2024-12-27T12:36:27 IST" duration-ms="0" status="PASS">
          <reporter-output>
          </reporter-output>
        </test-method> <!-- quitbrowser -->
      </class> <!-- amazon_Package.AmazonProject_Maven.TestCase8 -->
      <class name="amazon_Package.AmazonProject_Maven.TestCase15">
        <test-method signature="productpage()[pri:0, instance:amazon_Package.AmazonProject_Maven.TestCase15@4466af20]" started-at="2024-12-27T12:41:40 IST" name="productpage" finished-at="2024-12-27T12:42:07 IST" duration-ms="27132" status="PASS">
          <reporter-output>
            <line>
              <![CDATA[Test case is pass]]>
            </line>
          </reporter-output>
        </test-method> <!-- productpage -->
      </class> <!-- amazon_Package.AmazonProject_Maven.TestCase15 -->
      <class name="amazon_Package.AmazonProject_Maven.TestCase13">
        <test-method signature="productpage()[pri:0, instance:amazon_Package.AmazonProject_Maven.TestCase13@4f6ee6e4]" started-at="2024-12-27T12:40:44 IST" name="productpage" finished-at="2024-12-27T12:41:40 IST" duration-ms="55948" status="PASS">
          <reporter-output>
            <line>
              <![CDATA[Test case is pass]]>
            </line>
          </reporter-output>
        </test-method> <!-- productpage -->
      </class> <!-- amazon_Package.AmazonProject_Maven.TestCase13 -->
      <class name="amazon_Package.AmazonProject_Maven.TestCase12">
        <test-method signature="productpage()[pri:0, instance:amazon_Package.AmazonProject_Maven.TestCase12@1fa268de]" started-at="2024-12-27T12:39:49 IST" name="productpage" finished-at="2024-12-27T12:40:44 IST" duration-ms="54205" status="PASS">
          <reporter-output>
            <line>
              <![CDATA[Test case is pass]]>
            </line>
          </reporter-output>
        </test-method> <!-- productpage -->
      </class> <!-- amazon_Package.AmazonProject_Maven.TestCase12 -->
      <class name="amazon_Package.AmazonProject_Maven.TestCase11">
        <test-method retried="true" signature="productpage()[pri:0, instance:amazon_Package.AmazonProject_Maven.TestCase11@359f7cdf]" started-at="2024-12-27T12:37:48 IST" name="productpage" finished-at="2024-12-27T12:38:49 IST" duration-ms="60794" status="SKIP">
          <exception class="org.openqa.selenium.NoSuchElementException">
            <message>
              <![CDATA[no such element: Unable to locate element: {"method":"css selector","selector":"#add\-new\-address\-popover\-link"}
  (Session info: chrome=131.0.6778.205)
For documentation on this error, please visit: https://www.selenium.dev/documentation/webdriver/troubleshooting/errors#no-such-element-exception
Build info: version: '4.26.0', revision: '8ccf0219d7'
System info: os.name: 'Windows 11', os.arch: 'amd64', os.version: '10.0', java.version: '21.0.5'
Driver info: org.openqa.selenium.chrome.ChromeDriver
Command: [fea4d3d7e66c4a225b4304ccb85b3c8c, findElement {using=id, value=add-new-address-popover-link}]
Capabilities {acceptInsecureCerts: false, browserName: chrome, browserVersion: 131.0.6778.205, chrome: {chromedriverVersion: 131.0.6778.204 (52183f9e99a..., userDataDir: C:\Users\vaish\AppData\Loca...}, fedcm:accounts: true, goog:chromeOptions: {debuggerAddress: localhost:49263}, networkConnectionEnabled: false, pageLoadStrategy: normal, platformName: windows, proxy: Proxy(), se:cdp: ws://localhost:49263/devtoo..., se:cdpVersion: 131.0.6778.205, setWindowRect: true, strictFileInteractability: false, timeouts: {implicit: 0, pageLoad: 300000, script: 30000}, unhandledPromptBehavior: dismiss and notify, webauthn:extension:credBlob: true, webauthn:extension:largeBlob: true, webauthn:extension:minPinLength: true, webauthn:extension:prf: true, webauthn:virtualAuthenticators: true}
Session ID: fea4d3d7e66c4a225b4304ccb85b3c8c]]>
            </message>
            <full-stacktrace>
              <![CDATA[org.openqa.selenium.NoSuchElementException: no such element: Unable to locate element: {"method":"css selector","selector":"#add\-new\-address\-popover\-link"}
  (Session info: chrome=131.0.6778.205)
For documentation on this error, please visit: https://www.selenium.dev/documentation/webdriver/troubleshooting/errors#no-such-element-exception
Build info: version: '4.26.0', revision: '8ccf0219d7'
System info: os.name: 'Windows 11', os.arch: 'amd64', os.version: '10.0', java.version: '21.0.5'
Driver info: org.openqa.selenium.chrome.ChromeDriver
Command: [fea4d3d7e66c4a225b4304ccb85b3c8c, findElement {using=id, value=add-new-address-popover-link}]
Capabilities {acceptInsecureCerts: false, browserName: chrome, browserVersion: 131.0.6778.205, chrome: {chromedriverVersion: 131.0.6778.204 (52183f9e99a..., userDataDir: C:\Users\vaish\AppData\Loca...}, fedcm:accounts: true, goog:chromeOptions: {debuggerAddress: localhost:49263}, networkConnectionEnabled: false, pageLoadStrategy: normal, platformName: windows, proxy: Proxy(), se:cdp: ws://localhost:49263/devtoo..., se:cdpVersion: 131.0.6778.205, setWindowRect: true, strictFileInteractability: false, timeouts: {implicit: 0, pageLoad: 300000, script: 30000}, unhandledPromptBehavior: dismiss and notify, webauthn:extension:credBlob: true, webauthn:extension:largeBlob: true, webauthn:extension:minPinLength: true, webauthn:extension:prf: true, webauthn:virtualAuthenticators: true}
Session ID: fea4d3d7e66c4a225b4304ccb85b3c8c
at java.base/jdk.internal.reflect.DirectConstructorHandleAccessor.newInstance(DirectConstructorHandleAccessor.java:62)
at java.base/java.lang.reflect.Constructor.newInstanceWithCaller(Constructor.java:502)
at java.base/java.lang.reflect.Constructor.newInstance(Constructor.java:486)
at org.openqa.selenium.remote.ErrorCodec.decode(ErrorCodec.java:167)
at org.openqa.selenium.remote.codec.w3c.W3CHttpResponseCodec.decode(W3CHttpResponseCodec.java:138)
at org.openqa.selenium.remote.codec.w3c.W3CHttpResponseCodec.decode(W3CHttpResponseCodec.java:50)
at org.openqa.selenium.remote.HttpCommandExecutor.execute(HttpCommandExecutor.java:190)
at org.openqa.selenium.remote.service.DriverCommandExecutor.invokeExecute(DriverCommandExecutor.java:216)
at org.openqa.selenium.remote.service.DriverCommandExecutor.execute(DriverCommandExecutor.java:174)
at org.openqa.selenium.remote.RemoteWebDriver.execute(RemoteWebDriver.java:545)
at org.openqa.selenium.remote.ElementLocation$ElementFinder$2.findElement(ElementLocation.java:165)
at org.openqa.selenium.remote.ElementLocation.findElement(ElementLocation.java:59)
at org.openqa.selenium.remote.RemoteWebDriver.findElement(RemoteWebDriver.java:368)
at org.openqa.selenium.remote.RemoteWebDriver.findElement(RemoteWebDriver.java:362)
at org.openqa.selenium.support.pagefactory.DefaultElementLocator.findElement(DefaultElementLocator.java:68)
at org.openqa.selenium.support.pagefactory.internal.LocatingElementHandler.invoke(LocatingElementHandler.java:38)
at jdk.proxy2/jdk.proxy2.$Proxy10.click(Unknown Source)
at amazon_Package.AmazonProject_Maven.PaymentPage.addChangeMethod(PaymentPage.java:52)
at amazon_Package.AmazonProject_Maven.TestCase11.productpage(TestCase11.java:86)
at java.base/jdk.internal.reflect.DirectMethodHandleAccessor.invoke(DirectMethodHandleAccessor.java:103)
at java.base/java.lang.reflect.Method.invoke(Method.java:580)
at org.testng.internal.invokers.MethodInvocationHelper.invokeMethod(MethodInvocationHelper.java:139)
at org.testng.internal.invokers.TestInvoker.invokeMethod(TestInvoker.java:677)
at org.testng.internal.invokers.TestInvoker.invokeTestMethod(TestInvoker.java:221)
at org.testng.internal.invokers.MethodRunner.runInSequence(MethodRunner.java:50)
at org.testng.internal.invokers.TestInvoker$MethodInvocationAgent.invoke(TestInvoker.java:969)
at org.testng.internal.invokers.TestInvoker.invokeTestMethods(TestInvoker.java:194)
at org.testng.internal.invokers.TestMethodWorker.invokeTestMethods(TestMethodWorker.java:148)
at org.testng.internal.invokers.TestMethodWorker.run(TestMethodWorker.java:128)
at java.base/java.util.ArrayList.forEach(ArrayList.java:1596)
at org.testng.TestRunner.privateRun(TestRunner.java:829)
at org.testng.TestRunner.run(TestRunner.java:602)
at org.testng.SuiteRunner.runTest(SuiteRunner.java:437)
at org.testng.SuiteRunner.runSequentially(SuiteRunner.java:431)
at org.testng.SuiteRunner.privateRun(SuiteRunner.java:391)
at org.testng.SuiteRunner.run(SuiteRunner.java:330)
at org.testng.SuiteRunnerWorker.runSuite(SuiteRunnerWorker.java:52)
at org.testng.SuiteRunnerWorker.run(SuiteRunnerWorker.java:95)
at org.testng.TestNG.runSuitesSequentially(TestNG.java:1256)
at org.testng.TestNG.runSuitesLocally(TestNG.java:1176)
at org.testng.TestNG.runSuites(TestNG.java:1099)
at org.testng.TestNG.run(TestNG.java:1067)
at org.apache.maven.surefire.testng.TestNGExecutor.run(TestNGExecutor.java:308)
at org.apache.maven.surefire.testng.TestNGXmlTestSuite.execute(TestNGXmlTestSuite.java:71)
at org.apache.maven.surefire.testng.TestNGProvider.invoke(TestNGProvider.java:113)
at org.apache.maven.surefire.booter.ForkedBooter.runSuitesInProcess(ForkedBooter.java:385)
at org.apache.maven.surefire.booter.ForkedBooter.execute(ForkedBooter.java:162)
at org.apache.maven.surefire.booter.ForkedBooter.run(ForkedBooter.java:507)
at org.apache.maven.surefire.booter.ForkedBooter.main(ForkedBooter.java:495)
]]>
            </full-stacktrace>
          </exception> <!-- org.openqa.selenium.NoSuchElementException -->
          <reporter-output>
          </reporter-output>
        </test-method> <!-- productpage -->
        <test-method signature="productpage()[pri:0, instance:amazon_Package.AmazonProject_Maven.TestCase11@359f7cdf]" started-at="2024-12-27T12:38:49 IST" name="productpage" finished-at="2024-12-27T12:39:49 IST" duration-ms="60592" status="PASS">
          <reporter-output>
            <line>
              <![CDATA[Test case is pass]]>
            </line>
          </reporter-output>
        </test-method> <!-- productpage -->
      </class> <!-- amazon_Package.AmazonProject_Maven.TestCase11 -->
      <class name="amazon_Package.AmazonProject_Maven.TestCase10">
        <test-method is-config="true" signature="launchBrowser()[pri:0, instance:amazon_Package.AmazonProject_Maven.TestCase10@4f18837a]" started-at="2024-12-27T12:37:04 IST" name="launchBrowser" finished-at="2024-12-27T12:37:12 IST" duration-ms="7149" status="PASS">
          <reporter-output>
          </reporter-output>
        </test-method> <!-- launchBrowser -->
        <test-method signature="productpage()[pri:0, instance:amazon_Package.AmazonProject_Maven.TestCase10@4f18837a]" started-at="2024-12-27T12:37:12 IST" name="productpage" finished-at="2024-12-27T12:37:48 IST" duration-ms="36114" status="PASS">
          <reporter-output>
            <line>
              <![CDATA[Test case is pass]]>
            </line>
          </reporter-output>
        </test-method> <!-- productpage -->
        <test-method is-config="true" signature="quitbrowser()[pri:0, instance:amazon_Package.AmazonProject_Maven.TestCase10@4f18837a]" started-at="2024-12-27T12:37:48 IST" name="quitbrowser" finished-at="2024-12-27T12:37:48 IST" duration-ms="0" status="PASS">
          <reporter-output>
          </reporter-output>
        </test-method> <!-- quitbrowser -->
      </class> <!-- amazon_Package.AmazonProject_Maven.TestCase10 -->
      <class name="amazon_Package.AmazonProject_Maven.TestCase1">
        <test-method signature="registration()[pri:0, instance:amazon_Package.AmazonProject_Maven.TestCase1@708f5957]" started-at="2024-12-27T12:34:00 IST" name="registration" finished-at="2024-12-27T12:34:10 IST" duration-ms="9946" status="PASS">
          <reporter-output>
            <line>
              <![CDATA[Test case is pass]]>
            </line>
          </reporter-output>
        </test-method> <!-- registration -->
      </class> <!-- amazon_Package.AmazonProject_Maven.TestCase1 -->
    </test> <!-- AmazonProject1 -->
  </suite> <!-- Suite -->
</testng-results>
